<?xml version="1.0" encoding="UTF-8"?>
<!-- Generated by org.testng.reporters.JUnitReportReporter -->
<testsuite hostname="Deepan" failures="0" tests="3" name="TestScripts.Maven_Program" time="66.225" errors="0" timestamp="16 Oct 2023 19:36:49 GMT">
  <testcase classname="TestScripts.Maven_Program" name="MyTrip" time="36.295"/>
  <testcase classname="TestScripts.Maven_Program" name="GoogleSearch" time="14.721"/>
  <testcase classname="TestScripts.Maven_Program" name="AmazonPrice" time="15.209"/>
</testsuite> <!-- TestScripts.Maven_Program -->
