<?xml version="1.0" encoding="UTF-8"?>
<!-- Generated by org.testng.reporters.JUnitReportReporter -->
<testsuite hostname="Deepan" failures="0" tests="3" name="Testscripts.Excel" time="0.028" errors="0" timestamp="2023-10-15T19:42:56 IST" skipped="0">
  <testcase classname="Testscripts.Excel" name="ReadData" time="0.000"/>
  <system-out/>
  <testcase classname="Testscripts.Excel" name="ReadData" time="0.001"/>
  <system-out/>
  <testcase classname="Testscripts.Excel" name="ReadData" time="0.027"/>
  <system-out/>
</testsuite> <!-- Testscripts.Excel -->
