<?xml version="1.0" encoding="UTF-8"?>
<!-- Generated by org.testng.reporters.JUnitReportReporter -->
<testsuite hostname="Deepan" failures="0" tests="1" name="TestScripts.Google" time="10.114" errors="0" timestamp="2023-10-17T00:03:03 IST" skipped="0">
  <testcase classname="TestScripts.Google" name="GoogleSearch" time="10.114"/>
  <system-out/>
</testsuite> <!-- TestScripts.Google -->
