<?xml version="1.0" encoding="UTF-8"?>
<!-- Generated by org.testng.reporters.JUnitReportReporter -->
<testsuite hostname="Deepan" failures="0" tests="2" name="TestScripts.TC_Amazon_002" time="8.223" errors="0" timestamp="2023-10-16T23:27:39 IST" skipped="0">
  <testcase classname="TestScripts.TC_Amazon_002" name="Search" time="7.962"/>
  <system-out/>
  <testcase classname="TestScripts.TC_Amazon_002" name="CheckPrice" time="0.261"/>
  <system-out/>
</testsuite> <!-- TestScripts.TC_Amazon_002 -->
