<?xml version="1.0" encoding="UTF-8"?>
<!-- Generated by org.testng.reporters.JUnitReportReporter -->
<testsuite hostname="Deepan" failures="0" tests="3" name="TestScripts.TestNG" time="81.677" errors="0" timestamp="2023-10-17T00:22:22 IST" skipped="0">
  <testcase classname="TestScripts.TestNG" name="Search" time="23.860"/>
  <system-out/>
  <testcase classname="TestScripts.TestNG" name="MyTrip" time="41.192"/>
  <system-out/>
  <testcase classname="TestScripts.TestNG" name="GoogleSearch" time="16.625"/>
  <system-out/>
</testsuite> <!-- TestScripts.TestNG -->
