<?xml version="1.0" encoding="UTF-8"?>
<!-- Generated by org.testng.reporters.JUnitReportReporter -->
<testsuite hostname="Deepan" failures="0" tests="3" name="TestScripts.TC_Amazon_001" time="76.259" errors="0" timestamp="2023-10-17T00:19:47 IST" skipped="0">
  <testcase classname="TestScripts.TC_Amazon_001" name="Search" time="24.771"/>
  <system-out/>
  <testcase classname="TestScripts.TC_Amazon_001" name="MyTrip" time="34.531"/>
  <system-out/>
  <testcase classname="TestScripts.TC_Amazon_001" name="GoogleSearch" time="16.957"/>
  <system-out/>
</testsuite> <!-- TestScripts.TC_Amazon_001 -->
